Arguments: 
  E:\liangyuyu\nodejs\nodeJS_install\node.exe E:\liangyuyu\nodejs\nodeJS_install\node_global\node_modules\yarn\bin\yarn.js

PATH: 
  C:\Program Files (x86)\HP\NV\lib\shunra\vcat;C:\Windows\system32;C:\Windows;C:\Windows\System32\Wbem;C:\Windows\System32\WindowsPowerShell\v1.0\;C:\Program Files (x86)\Microsoft SQL Server\100\Tools\Binn\;C:\Program Files\Microsoft SQL Server\100\Tools\Binn\;C:\Program Files\Microsoft SQL Server\100\DTS\Binn\;C:\Program Files (x86)\Microsoft SQL Server\100\Tools\Binn\VSShell\Common7\IDE\;C:\Program Files (x86)\Microsoft Visual Studio 9.0\Common7\IDE\PrivateAssemblies\;C:\Program Files (x86)\Microsoft SQL Server\100\DTS\Binn\;C:\strawberry\c\bin;C:\strawberry\perl\bin;C:\Program Files\TortoiseGit\bin;D:\Python27;D:\Python27\Scripts;C:\Program Files\Java\jdk1.6.0_43\bin;C:\Program Files\Java\jdk1.6.0_43\jre\bin;C:\Program Files (x86)\Google\Chrome\Application;C:\Windows\system32\config\systemprofile\.dnx\bin;C:\Program Files\Microsoft DNX\Dnvm\;C:\Program Files\Microsoft SQL Server\120\Tools\Binn\;C:\Program Files (x86)\HP\Unified Functional Testing\bin;C:\Users\gansj\AppData\Local\Programs\Python\Python35\;E:\liangyuyu\VSCode-x64\Microsoft VS Code\bin;E:\liangyuyu\nodejs\nodeJS_install\;E:\liangyuyu\nodejs\nodeJS_install\node_global;E:\liangyuyu\VSCode-x64\SVN\install\ViaualSVN_install\bin;E:\liangyuyu\VSCode-x64\SVN\install\TortoiseSVN_install\bin;C:\Users\gansj\AppData\Roaming\npm

Yarn version: 
  1.12.3

Node version: 
  10.15.0

Platform: 
  win32 x64

Trace: 
  Error: ENOENT: no such file or directory, copyfile 'C:\Users\gansj\AppData\Local\Yarn\Cache\v4\npm-is-extendable-1.0.1-a7470f9e426733d81bd81e1155264e3a3507cab4\node_modules\is-extendable\index.d.ts' -> 'E:\liangyuyu\VSCode-x64\workspace\day20_googleMaps\node_modules\split-string\node_modules\is-extendable\index.d.ts'

npm manifest: 
  {
    "private": true,
    "scripts": {
      "start": "set PORT=3000&&set BROWSER=Chrome&&roadhog server",
      "build": "roadhog build",
      "lint": "eslint --ext .js src test",
      "precommit": "npm run lint"
    },
    "dependencies": {
      "dva": "^2.4.1",
      "react": "^16.2.0",
      "react-dom": "^16.2.0",
      "antd-mobile":"^2.1.11"
    },
    "devDependencies": {
      "babel-plugin-import": "^1.11.0",
      "babel-plugin-dva-hmr": "^0.3.2",
      "eslint": "^4.14.0",
      "eslint-config-umi": "^0.1.1",
      "eslint-plugin-flowtype": "^2.34.1",
      "eslint-plugin-import": "^2.6.0",
      "eslint-plugin-jsx-a11y": "^5.1.1",
      "eslint-plugin-react": "^7.1.0",
      "husky": "^0.12.0",
      "redbox-react": "^1.4.3",
      "roadhog": "^2.0.0"
    }
  }

yarn manifest: 
  No manifest

Lockfile: 
  No lockfile
